<?xml version="1.0" encoding="UTF-8"?>
<testng-results ignored="0" total="8" passed="8" failed="0" skipped="0">
  <reporter-output>
  </reporter-output>
  <suite started-at="2026-05-04T11:37:08 IST" name="Surefire suite" finished-at="2026-05-04T11:37:08 IST" duration-ms="188">
    <groups>
    </groups>
    <test started-at="2026-05-04T11:37:08 IST" name="Surefire test" finished-at="2026-05-04T11:37:08 IST" duration-ms="188">
      <class name="sample.DemoTest">
        <test-method signature="Case11()[pri:0, instance:sample.DemoTest@3b74ac8]" started-at="2026-05-04T11:37:08 IST" name="Case11" finished-at="2026-05-04T11:37:08 IST" duration-ms="2" status="PASS">
          <reporter-output>
          </reporter-output>
        </test-method> <!-- Case11 -->
        <test-method signature="Case12()[pri:0, instance:sample.DemoTest@3b74ac8]" started-at="2026-05-04T11:37:08 IST" name="Case12" finished-at="2026-05-04T11:37:08 IST" duration-ms="2" status="PASS">
          <reporter-output>
          </reporter-output>
        </test-method> <!-- Case12 -->
        <test-method signature="Case13()[pri:0, instance:sample.DemoTest@3b74ac8]" started-at="2026-05-04T11:37:08 IST" name="Case13" finished-at="2026-05-04T11:37:08 IST" duration-ms="3" status="PASS">
          <reporter-output>
          </reporter-output>
        </test-method> <!-- Case13 -->
      </class> <!-- sample.DemoTest -->
      <class name="demo.SampleTest">
        <test-method signature="Case1()[pri:0, instance:demo.SampleTest@125290e5]" started-at="2026-05-04T11:37:08 IST" name="Case1" finished-at="2026-05-04T11:37:08 IST" duration-ms="46" status="PASS">
          <reporter-output>
          </reporter-output>
        </test-method> <!-- Case1 -->
        <test-method signature="Case2()[pri:0, instance:demo.SampleTest@125290e5]" started-at="2026-05-04T11:37:08 IST" name="Case2" finished-at="2026-05-04T11:37:08 IST" duration-ms="2" status="PASS">
          <reporter-output>
          </reporter-output>
        </test-method> <!-- Case2 -->
        <test-method signature="Case3()[pri:0, instance:demo.SampleTest@125290e5]" started-at="2026-05-04T11:37:08 IST" name="Case3" finished-at="2026-05-04T11:37:08 IST" duration-ms="2" status="PASS">
          <reporter-output>
          </reporter-output>
        </test-method> <!-- Case3 -->
        <test-method signature="Case4()[pri:0, instance:demo.SampleTest@125290e5]" started-at="2026-05-04T11:37:08 IST" name="Case4" finished-at="2026-05-04T11:37:08 IST" duration-ms="3" status="PASS">
          <reporter-output>
          </reporter-output>
        </test-method> <!-- Case4 -->
        <test-method signature="Case5()[pri:0, instance:demo.SampleTest@125290e5]" started-at="2026-05-04T11:37:08 IST" name="Case5" finished-at="2026-05-04T11:37:08 IST" duration-ms="3" status="PASS">
          <reporter-output>
          </reporter-output>
        </test-method> <!-- Case5 -->
      </class> <!-- demo.SampleTest -->
    </test> <!-- Surefire test -->
  </suite> <!-- Surefire suite -->
</testng-results>
