<?xml version="1.0" encoding="UTF-8"?>
<testng-results ignored="2" total="8" passed="6" failed="0" skipped="0">
  <reporter-output>
  </reporter-output>
  <suite started-at="2026-04-26T13:12:03 IST" name="smoke" finished-at="2026-04-26T13:12:03 IST" duration-ms="110">
    <groups>
    </groups>
    <test started-at="2026-04-26T13:12:03 IST" name="Test" finished-at="2026-04-26T13:12:03 IST" duration-ms="110">
      <class name="sample.DemoTest">
        <test-method signature="Case12()[pri:0, instance:sample.DemoTest@26d9b808]" started-at="2026-04-26T13:12:03 IST" name="Case12" finished-at="2026-04-26T13:12:03 IST" duration-ms="0" status="PASS">
          <reporter-output>
          </reporter-output>
        </test-method> <!-- Case12 -->
        <test-method signature="Case13()[pri:0, instance:sample.DemoTest@26d9b808]" started-at="2026-04-26T13:12:03 IST" name="Case13" finished-at="2026-04-26T13:12:03 IST" duration-ms="0" status="PASS">
          <reporter-output>
          </reporter-output>
        </test-method> <!-- Case13 -->
      </class> <!-- sample.DemoTest -->
      <class name="demo.SampleTest">
        <test-method signature="Case2()[pri:0, instance:demo.SampleTest@738dc9b]" started-at="2026-04-26T13:12:03 IST" name="Case2" finished-at="2026-04-26T13:12:03 IST" duration-ms="11" status="PASS">
          <reporter-output>
          </reporter-output>
        </test-method> <!-- Case2 -->
        <test-method signature="Case3()[pri:0, instance:demo.SampleTest@738dc9b]" started-at="2026-04-26T13:12:03 IST" name="Case3" finished-at="2026-04-26T13:12:03 IST" duration-ms="0" status="PASS">
          <reporter-output>
          </reporter-output>
        </test-method> <!-- Case3 -->
        <test-method signature="Case4()[pri:0, instance:demo.SampleTest@738dc9b]" started-at="2026-04-26T13:12:03 IST" name="Case4" finished-at="2026-04-26T13:12:03 IST" duration-ms="0" status="PASS">
          <reporter-output>
          </reporter-output>
        </test-method> <!-- Case4 -->
        <test-method signature="Case5()[pri:0, instance:demo.SampleTest@738dc9b]" started-at="2026-04-26T13:12:03 IST" name="Case5" finished-at="2026-04-26T13:12:03 IST" duration-ms="2" status="PASS">
          <reporter-output>
          </reporter-output>
        </test-method> <!-- Case5 -->
      </class> <!-- demo.SampleTest -->
    </test> <!-- Test -->
  </suite> <!-- smoke -->
</testng-results>
