<?xml version="1.0" encoding="UTF-8"?>
<!-- Generated by org.testng.reporters.JUnitReportReporter -->
<testsuite hostname="DESKTOP-J10MEMJ" failures="0" tests="5" name="demo.SampleTest" time="0.070" errors="0" timestamp="2026-05-04T15:58:11 IST" skipped="0">
  <testcase classname="demo.SampleTest" name="Case2" time="0.003"/>
  <testcase classname="demo.SampleTest" name="Case3" time="0.003"/>
  <testcase classname="demo.SampleTest" name="Case1" time="0.057"/>
  <testcase classname="demo.SampleTest" name="Case4" time="0.004"/>
  <testcase classname="demo.SampleTest" name="Case5" time="0.003"/>
</testsuite> <!-- demo.SampleTest -->
