<?xml version="1.0" encoding="UTF-8"?>
<!-- Generated by org.testng.reporters.JUnitReportReporter -->
<testsuite hostname="DESKTOP-J10MEMJ" failures="0" tests="3" name="sample.DemoTest" time="0.014" errors="0" timestamp="2026-05-05T15:27:42 IST" skipped="0">
  <testcase classname="sample.DemoTest" name="Case11" time="0.003"/>
  <testcase classname="sample.DemoTest" name="Case13" time="0.004"/>
  <testcase classname="sample.DemoTest" name="Case12" time="0.007"/>
</testsuite> <!-- sample.DemoTest -->
