<?xml version="1.0" encoding="UTF-8"?>
<!-- Generated by org.testng.reporters.JUnitReportReporter -->
<testsuite hostname="DESKTOP-J10MEMJ" failures="0" tests="5" name="demo.SampleTest" time="0.097" errors="0" timestamp="2026-05-05T15:40:05 IST" skipped="0">
  <testcase classname="demo.SampleTest" name="Case5" time="0.003"/>
  <testcase classname="demo.SampleTest" name="Case3" time="0.003"/>
  <testcase classname="demo.SampleTest" name="Case1" time="0.083"/>
  <testcase classname="demo.SampleTest" name="Case4" time="0.005"/>
  <testcase classname="demo.SampleTest" name="Case2" time="0.003"/>
</testsuite> <!-- demo.SampleTest -->
