<?xml version="1.0" encoding="UTF-8"?>
<!-- Generated by org.testng.reporters.JUnitReportReporter -->
<testsuite hostname="DESKTOP-J10MEMJ" failures="0" tests="3" name="sample.DemoTest" time="0.005" errors="0" timestamp="2026-05-06T12:50:14 IST" skipped="0">
  <testcase classname="sample.DemoTest" name="Case13" time="0.002"/>
  <testcase classname="sample.DemoTest" name="Case11" time="0.002"/>
  <testcase classname="sample.DemoTest" name="Case12" time="0.001"/>
</testsuite> <!-- sample.DemoTest -->
