<?xml version="1.0" encoding="UTF-8"?>
<!-- Generated by org.testng.reporters.JUnitXMLReporter -->
<testsuite ignored="0" hostname="DESKTOP-J10MEMJ" failures="0" tests="8" name="Surefire test" time="0.18" errors="0" timestamp="2026-05-06T12:50:14 IST">
  <testcase classname="demo.SampleTest" name="Case1" time="0.041"/>
  <testcase classname="demo.SampleTest" name="Case2" time="0.002"/>
  <testcase classname="demo.SampleTest" name="Case3" time="0.002"/>
  <testcase classname="demo.SampleTest" name="Case4" time="0.002"/>
  <testcase classname="demo.SampleTest" name="Case5" time="0.002"/>
  <testcase classname="sample.DemoTest" name="Case11" time="0.002"/>
  <testcase classname="sample.DemoTest" name="Case12" time="0.001"/>
  <testcase classname="sample.DemoTest" name="Case13" time="0.002"/>
</testsuite> <!-- Surefire test -->
