<?xml version="1.0" encoding="UTF-8"?>
<!-- Generated by org.testng.reporters.JUnitXMLReporter -->
<testsuite ignored="4" hostname="DESKTOP-J10MEMJ" failures="0" tests="2" name="Test" time="0.08" errors="0" timestamp="2026-04-19T13:38:29 IST">
  <testcase classname="demo.SampleTest" name="Case1" time="0.008"/>
  <testcase classname="sample.DemoTest" name="Case11" time="0.001"/>
  <testcase classname="demo.SampleTest" name="Case3" time="0.0">
    <ignored/>
  </testcase> <!-- Case3 -->
  <testcase classname="sample.DemoTest" name="Case13" time="0.0">
    <ignored/>
  </testcase> <!-- Case13 -->
  <testcase classname="demo.SampleTest" name="Case2" time="0.0">
    <ignored/>
  </testcase> <!-- Case2 -->
  <testcase classname="sample.DemoTest" name="Case12" time="0.0">
    <ignored/>
  </testcase> <!-- Case12 -->
</testsuite> <!-- Test -->
