<?xml version="1.0" encoding="UTF-8"?>
<!-- Generated by org.testng.reporters.JUnitXMLReporter -->
<testsuite ignored="6" hostname="DESKTOP-J10MEMJ" failures="0" tests="0" time="0.017" errors="0" timestamp="2026-04-19T13:36:51 IST">
  <testcase classname="demo.SampleTest" name="Case3" time="0.0">
    <ignored/>
  </testcase> <!-- Case3 -->
  <testcase classname="sample.DemoTest" name="Case13" time="0.0">
    <ignored/>
  </testcase> <!-- Case13 -->
  <testcase classname="demo.SampleTest" name="Case2" time="0.0">
    <ignored/>
  </testcase> <!-- Case2 -->
  <testcase classname="sample.DemoTest" name="Case11" time="0.0">
    <ignored/>
  </testcase> <!-- Case11 -->
  <testcase classname="sample.DemoTest" name="Case12" time="0.0">
    <ignored/>
  </testcase> <!-- Case12 -->
  <testcase classname="demo.SampleTest" name="Case1" time="0.0">
    <ignored/>
  </testcase> <!-- Case1 -->
</testsuite>
